<?xml version="1.0" encoding="UTF-8"?>
<testng-results ignored="0" total="1" passed="1" failed="0" skipped="0">
  <reporter-output>
  </reporter-output>
  <suite started-at="2025-02-05T12:00:33 IST" name="Default suite" finished-at="2025-02-05T12:00:33 IST" duration-ms="88">
    <groups>
    </groups>
    <test started-at="2025-02-05T12:00:33 IST" name="Default test" finished-at="2025-02-05T12:00:33 IST" duration-ms="88">
      <class name="sample.gitpractice">
        <test-method signature="m1()[pri:0, instance:sample.gitpractice@6e171cd7]" started-at="2025-02-05T12:00:33 IST" name="m1" finished-at="2025-02-05T12:00:33 IST" duration-ms="19" status="PASS">
          <reporter-output>
          </reporter-output>
        </test-method> <!-- m1 -->
      </class> <!-- sample.gitpractice -->
    </test> <!-- Default test -->
  </suite> <!-- Default suite -->
</testng-results>
