<?xml version="1.0" encoding="UTF-8"?>
<testng-results ignored="0" total="1" passed="1" failed="0" skipped="0">
  <reporter-output>
  </reporter-output>
  <suite started-at="2025-02-04T15:42:51 IST" name="Default suite" finished-at="2025-02-04T15:42:52 IST" duration-ms="623">
    <groups>
    </groups>
    <test started-at="2025-02-04T15:42:51 IST" name="Default test" finished-at="2025-02-04T15:42:52 IST" duration-ms="623">
      <class name="sample.demo">
        <test-method signature="king()[pri:0, instance:sample.demo@6e171cd7]" started-at="2025-02-04T15:42:51 IST" name="king" finished-at="2025-02-04T15:42:52 IST" duration-ms="125" status="PASS">
          <reporter-output>
          </reporter-output>
        </test-method> <!-- king -->
      </class> <!-- sample.demo -->
    </test> <!-- Default test -->
  </suite> <!-- Default suite -->
</testng-results>
